<?xml version="1.0" encoding="UTF-8"?>
<!-- Generated by org.testng.reporters.JUnitXMLReporter -->
<testsuite ignored="0" hostname="bhagyak" failures="0" tests="5" name="Bank Website" time="0.375" errors="0" timestamp="2026-09-05T21:17:53 IST">
  <testcase classname="base.BaseTest" name="@AfterMethod tearDown" time="0.014">
    <failure type="java.lang.NullPointerException" message="Cannot invoke &amp;quot;org.openqa.selenium.WebDriver.quit()&amp;quot; because &amp;quot;base.BaseTest.driver&amp;quot; is null">
      <![CDATA[java.lang.NullPointerException: Cannot invoke "org.openqa.selenium.WebDriver.quit()" because "base.BaseTest.driver" is null
at base.BaseTest.tearDown(BaseTest.java:104)
at java.base/java.util.ArrayList.forEach(ArrayList.java:1596)
... Removed 30 stack frames]]>
    </failure>
  </testcase> <!-- @AfterMethod tearDown -->
  <testcase classname="base.BaseTest" name="@AfterMethod tearDown" time="0.0">
    <skipped/>
  </testcase> <!-- @AfterMethod tearDown -->
  <testcase classname="base.BaseTest" name="@AfterMethod tearDown" time="0.0">
    <skipped/>
  </testcase> <!-- @AfterMethod tearDown -->
  <testcase classname="base.BaseTest" name="@AfterMethod tearDown" time="0.0">
    <skipped/>
  </testcase> <!-- @AfterMethod tearDown -->
  <testcase classname="base.BaseTest" name="@AfterMethod tearDown" time="0.0">
    <skipped/>
  </testcase> <!-- @AfterMethod tearDown -->
  <testcase classname="testcases.FindNewCars" name="findNewCarTest" time="0.028">
    <skipped/>
  </testcase> <!-- findNewCarTest -->
  <testcase classname="testcases.FindNewCars" name="findNewCarTest" time="0.0">
    <skipped/>
  </testcase> <!-- findNewCarTest -->
  <testcase classname="testcases.FindNewCars" name="findNewCarTest" time="0.0">
    <skipped/>
  </testcase> <!-- findNewCarTest -->
  <testcase classname="testcases.FindNewCars" name="findNewCarTest" time="0.0">
    <skipped/>
  </testcase> <!-- findNewCarTest -->
  <testcase classname="testcases.FindNewCars" name="findNewCarTest" time="0.0">
    <skipped/>
  </testcase> <!-- findNewCarTest -->
</testsuite> <!-- Bank Website -->
